<?xml version="1.0" encoding="UTF-8"?>
<testsuite name="com.userregistration.UserRegistrationTest" tests="4" skipped="0" failures="0" errors="0" timestamp="2020-03-24T06:02:21" hostname="HP" time="0.034">
  <properties/>
  <testcase name="givenFirstName_whenValid_thenTrue" classname="com.userregistration.UserRegistrationTest" time="0.009"/>
  <testcase name="givenFirstName_whenInValid_thenFalse" classname="com.userregistration.UserRegistrationTest" time="0.005"/>
  <testcase name="givenLastName_whenInValid_thenFalse" classname="com.userregistration.UserRegistrationTest" time="0.0"/>
  <testcase name="givenLastName_whenValid_thenTrue" classname="com.userregistration.UserRegistrationTest" time="0.001"/>
  <system-out><![CDATA[]]></system-out>
  <system-err><![CDATA[]]></system-err>
</testsuite>
