<?xml version="1.0" encoding="UTF-8"?>
<testsuite name="com.userregistration.UserRegistrationTest" tests="1" skipped="0" failures="0" errors="0" timestamp="2020-03-25T17:51:16" hostname="HP" time="0.009">
  <properties/>
  <testcase name="givenEmail_whenInvalid_thenFalse" classname="com.userregistration.UserRegistrationTest" time="0.009"/>
  <system-out><![CDATA[]]></system-out>
  <system-err><![CDATA[]]></system-err>
</testsuite>
